[08-May-2019 05:45:33 UTC] PHP Notice:  Undefined property: API::$file in D:\wamp\www\disaster-pet-rescue-aid\api\models\api.php on line 70
[08-May-2019 05:45:33 UTC] PHP Stack trace:
[08-May-2019 05:45:33 UTC] PHP   1. {main}() D:\wamp\www\disaster-pet-rescue-aid\api\index.php:0
[08-May-2019 05:45:33 UTC] PHP   2. API->upload() D:\wamp\www\disaster-pet-rescue-aid\api\index.php:18
[08-May-2019 05:45:33 UTC] PHP Fatal error:  Uncaught Error: Call to a member function getName() on null in D:\wamp\www\disaster-pet-rescue-aid\api\models\api.php:70
Stack trace:
#0 D:\wamp\www\disaster-pet-rescue-aid\api\index.php(18): API->upload()
#1 {main}
  thrown in D:\wamp\www\disaster-pet-rescue-aid\api\models\api.php on line 70
[08-May-2019 05:46:31 UTC] PHP Warning:  move_uploaded_file(upload/42322e8adcf2535eedc7ef1e23c6a7b0.tmp): failed to open stream: No such file or directory in D:\wamp\www\disaster-pet-rescue-aid\api\models\api.php on line 78
[08-May-2019 05:46:31 UTC] PHP Stack trace:
[08-May-2019 05:46:31 UTC] PHP   1. {main}() D:\wamp\www\disaster-pet-rescue-aid\api\index.php:0
[08-May-2019 05:46:31 UTC] PHP   2. API->upload() D:\wamp\www\disaster-pet-rescue-aid\api\index.php:18
[08-May-2019 05:46:31 UTC] PHP   3. move_uploaded_file() D:\wamp\www\disaster-pet-rescue-aid\api\models\api.php:78
[08-May-2019 05:46:31 UTC] PHP Warning:  move_uploaded_file(): Unable to move 'D:\wamp\tmp\phpF689.tmp' to 'upload/42322e8adcf2535eedc7ef1e23c6a7b0.tmp' in D:\wamp\www\disaster-pet-rescue-aid\api\models\api.php on line 78
[08-May-2019 05:46:31 UTC] PHP Stack trace:
[08-May-2019 05:46:31 UTC] PHP   1. {main}() D:\wamp\www\disaster-pet-rescue-aid\api\index.php:0
[08-May-2019 05:46:31 UTC] PHP   2. API->upload() D:\wamp\www\disaster-pet-rescue-aid\api\index.php:18
[08-May-2019 05:46:31 UTC] PHP   3. move_uploaded_file() D:\wamp\www\disaster-pet-rescue-aid\api\models\api.php:78
[08-May-2019 05:47:31 UTC] PHP Warning:  move_uploaded_file(upload/ac03a77dbaf1f199df0972c1e2db3925.jpg): failed to open stream: No such file or directory in D:\wamp\www\disaster-pet-rescue-aid\api\models\api.php on line 78
[08-May-2019 05:47:31 UTC] PHP Stack trace:
[08-May-2019 05:47:31 UTC] PHP   1. {main}() D:\wamp\www\disaster-pet-rescue-aid\api\index.php:0
[08-May-2019 05:47:31 UTC] PHP   2. API->upload() D:\wamp\www\disaster-pet-rescue-aid\api\index.php:18
[08-May-2019 05:47:31 UTC] PHP   3. move_uploaded_file() D:\wamp\www\disaster-pet-rescue-aid\api\models\api.php:78
[08-May-2019 05:47:31 UTC] PHP Warning:  move_uploaded_file(): Unable to move 'D:\wamp\tmp\phpDFF0.tmp' to 'upload/ac03a77dbaf1f199df0972c1e2db3925.jpg' in D:\wamp\www\disaster-pet-rescue-aid\api\models\api.php on line 78
[08-May-2019 05:47:31 UTC] PHP Stack trace:
[08-May-2019 05:47:31 UTC] PHP   1. {main}() D:\wamp\www\disaster-pet-rescue-aid\api\index.php:0
[08-May-2019 05:47:31 UTC] PHP   2. API->upload() D:\wamp\www\disaster-pet-rescue-aid\api\index.php:18
[08-May-2019 05:47:31 UTC] PHP   3. move_uploaded_file() D:\wamp\www\disaster-pet-rescue-aid\api\models\api.php:78
[08-May-2019 05:49:12 UTC] PHP Warning:  move_uploaded_file(../../upload/0f921a66b9044b840076f9ac0149e4bc.jpg): failed to open stream: No such file or directory in D:\wamp\www\disaster-pet-rescue-aid\api\models\api.php on line 78
[08-May-2019 05:49:12 UTC] PHP Stack trace:
[08-May-2019 05:49:12 UTC] PHP   1. {main}() D:\wamp\www\disaster-pet-rescue-aid\api\index.php:0
[08-May-2019 05:49:12 UTC] PHP   2. API->upload() D:\wamp\www\disaster-pet-rescue-aid\api\index.php:18
[08-May-2019 05:49:12 UTC] PHP   3. move_uploaded_file() D:\wamp\www\disaster-pet-rescue-aid\api\models\api.php:78
[08-May-2019 05:49:12 UTC] PHP Warning:  move_uploaded_file(): Unable to move 'D:\wamp\tmp\php6E32.tmp' to '../../upload/0f921a66b9044b840076f9ac0149e4bc.jpg' in D:\wamp\www\disaster-pet-rescue-aid\api\models\api.php on line 78
[08-May-2019 05:49:12 UTC] PHP Stack trace:
[08-May-2019 05:49:12 UTC] PHP   1. {main}() D:\wamp\www\disaster-pet-rescue-aid\api\index.php:0
[08-May-2019 05:49:12 UTC] PHP   2. API->upload() D:\wamp\www\disaster-pet-rescue-aid\api\index.php:18
[08-May-2019 05:49:12 UTC] PHP   3. move_uploaded_file() D:\wamp\www\disaster-pet-rescue-aid\api\models\api.php:78
